0 info it worked if it ends with ok
1 verbose cli [ 'C:\\Program Files\\nodejs\\node.exe',
1 verbose cli   'C:\\Users\\hyy\\AppData\\Roaming\\npm\\node_modules\\npm\\bin\\npm-cli.js',
1 verbose cli   'install',
1 verbose cli   '-g',
1 verbose cli   'generator-react-webpack' ]
2 info using npm@3.8.7
3 info using node@v4.4.3
4 silly loadCurrentTree Starting
5 silly install loadCurrentTree
6 silly install readGlobalPackageData
7 silly fetchPackageMetaData generator-react-webpack
8 silly fetchNamedPackageData generator-react-webpack
9 silly mapToRegistry name generator-react-webpack
10 silly mapToRegistry using default registry
11 silly mapToRegistry registry http://registry.npmjs.org/
12 silly mapToRegistry data Result {
12 silly mapToRegistry   raw: 'generator-react-webpack',
12 silly mapToRegistry   scope: null,
12 silly mapToRegistry   name: 'generator-react-webpack',
12 silly mapToRegistry   rawSpec: '',
12 silly mapToRegistry   spec: 'latest',
12 silly mapToRegistry   type: 'tag' }
13 silly mapToRegistry uri http://registry.npmjs.org/generator-react-webpack
14 verbose request uri http://registry.npmjs.org/generator-react-webpack
15 verbose request no auth needed
16 info attempt registry request try #1 at 21:05:16
17 verbose request id 816ad45d36b4c500
18 http request GET http://registry.npmjs.org/generator-react-webpack
19 http 403 http://registry.npmjs.org/generator-react-webpack
20 verbose bad json <!DOCTYPE HTML PUBLIC "-//IETF//DTD HTML 2.0//EN">
20 verbose bad json <html><head>
20 verbose bad json <title>403 Forbidden</title>
20 verbose bad json </head><body>
20 verbose bad json <h1>Forbidden</h1>
20 verbose bad json <p>You don't have permission to access /generator-react-webpack
20 verbose bad json on this server.</p>
20 verbose bad json <hr>
20 verbose bad json <address>Apache/2.4.9 (Win32) PHP/5.5.12 Server at registry.npmjs.org Port 80</address>
20 verbose bad json </body></html>
21 error registry error parsing json
22 verbose headers { date: 'Thu, 02 Jun 2016 13:05:17 GMT',
22 verbose headers   server: 'Apache/2.4.9 (Win32) PHP/5.5.12',
22 verbose headers   'content-length': '318',
22 verbose headers   'keep-alive': 'timeout=5, max=100',
22 verbose headers   connection: 'Keep-Alive',
22 verbose headers   'content-type': 'text/html; charset=iso-8859-1' }
23 silly get cb [ 403,
23 silly get   { date: 'Thu, 02 Jun 2016 13:05:17 GMT',
23 silly get     server: 'Apache/2.4.9 (Win32) PHP/5.5.12',
23 silly get     'content-length': '318',
23 silly get     'keep-alive': 'timeout=5, max=100',
23 silly get     connection: 'Keep-Alive',
23 silly get     'content-type': 'text/html; charset=iso-8859-1' } ]
24 silly fetchPackageMetaData SyntaxError: Unexpected token <
24 silly fetchPackageMetaData <!DOCTYPE HTML PUBLIC "-//IETF//DTD HTML 2.0//EN">
24 silly fetchPackageMetaData <html><head>
24 silly fetchPackageMetaData <title>403 Forbidden</title>
24 silly fetchPackageMetaData </head><body>
24 silly fetchPackageMetaData <h1>Forbidden</h1>
24 silly fetchPackageMetaData <p>You don't have permission to access /generator-react-webpack
24 silly fetchPackageMetaData on this server.</p>
24 silly fetchPackageMetaData <hr>
24 silly fetchPackageMetaData <address>Apache/2.4.9 (Win32) PHP/5.5.12 Server at registry.npmjs.org Port 80</address>
24 silly fetchPackageMetaData </body></html>
24 silly fetchPackageMetaData
24 silly fetchPackageMetaData     at Object.parse (native)
24 silly fetchPackageMetaData     at CachingRegistryClient.<anonymous> (C:\Users\hyy\AppData\Roaming\npm\node_modules\npm\node_modules\npm-registry-client\lib\request.js:199:23)
24 silly fetchPackageMetaData     at Request._callback (C:\Users\hyy\AppData\Roaming\npm\node_modules\npm\node_modules\npm-registry-client\lib\request.js:172:14)
24 silly fetchPackageMetaData     at Request.self.callback (C:\Users\hyy\AppData\Roaming\npm\node_modules\npm\node_modules\request\request.js:200:22)
24 silly fetchPackageMetaData     at emitTwo (events.js:87:13)
24 silly fetchPackageMetaData     at Request.emit (events.js:172:7)
24 silly fetchPackageMetaData     at Request.<anonymous> (C:\Users\hyy\AppData\Roaming\npm\node_modules\npm\node_modules\request\request.js:1041:10)
24 silly fetchPackageMetaData     at emitOne (events.js:82:20)
24 silly fetchPackageMetaData     at Request.emit (events.js:169:7)
24 silly fetchPackageMetaData     at IncomingMessage.<anonymous> (C:\Users\hyy\AppData\Roaming\npm\node_modules\npm\node_modules\request\request.js:968:12)
24 silly fetchPackageMetaData  error for generator-react-webpack [SyntaxError: Unexpected token <
24 silly fetchPackageMetaData <!DOCTYPE HTML PUBLIC "-//IETF//DTD HTML 2.0//EN">
24 silly fetchPackageMetaData <html><head>
24 silly fetchPackageMetaData <title>403 Forbidden</title>
24 silly fetchPackageMetaData </head><body>
24 silly fetchPackageMetaData <h1>Forbidden</h1>
24 silly fetchPackageMetaData <p>You don't have permission to access /generator-react-webpack
24 silly fetchPackageMetaData on this server.</p>
24 silly fetchPackageMetaData <hr>
24 silly fetchPackageMetaData <address>Apache/2.4.9 (Win32) PHP/5.5.12 Server at registry.npmjs.org Port 80</address>
24 silly fetchPackageMetaData </body></html>
24 silly fetchPackageMetaData ]
25 silly rollbackFailedOptional Starting
26 silly rollbackFailedOptional Finishing
27 silly runTopLevelLifecycles Starting
28 silly runTopLevelLifecycles Finishing
29 silly install printInstalled
30 verbose stack SyntaxError: Unexpected token <
30 verbose stack <!DOCTYPE HTML PUBLIC "-//IETF//DTD HTML 2.0//EN">
30 verbose stack <html><head>
30 verbose stack <title>403 Forbidden</title>
30 verbose stack </head><body>
30 verbose stack <h1>Forbidden</h1>
30 verbose stack <p>You don't have permission to access /generator-react-webpack
30 verbose stack on this server.</p>
30 verbose stack <hr>
30 verbose stack <address>Apache/2.4.9 (Win32) PHP/5.5.12 Server at registry.npmjs.org Port 80</address>
30 verbose stack </body></html>
30 verbose stack
30 verbose stack     at Object.parse (native)
30 verbose stack     at CachingRegistryClient.<anonymous> (C:\Users\hyy\AppData\Roaming\npm\node_modules\npm\node_modules\npm-registry-client\lib\request.js:199:23)
30 verbose stack     at Request._callback (C:\Users\hyy\AppData\Roaming\npm\node_modules\npm\node_modules\npm-registry-client\lib\request.js:172:14)
30 verbose stack     at Request.self.callback (C:\Users\hyy\AppData\Roaming\npm\node_modules\npm\node_modules\request\request.js:200:22)
30 verbose stack     at emitTwo (events.js:87:13)
30 verbose stack     at Request.emit (events.js:172:7)
30 verbose stack     at Request.<anonymous> (C:\Users\hyy\AppData\Roaming\npm\node_modules\npm\node_modules\request\request.js:1041:10)
30 verbose stack     at emitOne (events.js:82:20)
30 verbose stack     at Request.emit (events.js:169:7)
30 verbose stack     at IncomingMessage.<anonymous> (C:\Users\hyy\AppData\Roaming\npm\node_modules\npm\node_modules\request\request.js:968:12)
31 verbose cwd D:\git\yinyinghuang.github.io\homePage
32 error Windows_NT 10.0.10586
33 error argv "C:\\Program Files\\nodejs\\node.exe" "C:\\Users\\hyy\\AppData\\Roaming\\npm\\node_modules\\npm\\bin\\npm-cli.js" "install" "-g" "generator-react-webpack"
34 error node v4.4.3
35 error npm  v3.8.7
36 error Unexpected token <
36 error <!DOCTYPE HTML PUBLIC "-//IETF//DTD HTML 2.0//EN">
36 error <html><head>
36 error <title>403 Forbidden</title>
36 error </head><body>
36 error <h1>Forbidden</h1>
36 error <p>You don't have permission to access /generator-react-webpack
36 error on this server.</p>
36 error <hr>
36 error <address>Apache/2.4.9 (Win32) PHP/5.5.12 Server at registry.npmjs.org Port 80</address>
36 error </body></html>
37 error If you need help, you may report this error at:
37 error     <https://github.com/npm/npm/issues>
38 verbose exit [ 1, true ]
